# JRE version: OpenJDK Runtime Environment (11.0.10) (build 11.0.10+0-b96-7249189)
# Java VM: OpenJDK 64-Bit Server VM (11.0.10+0-b96-7249189, mixed mode, tiered, compressed oops, g1 gc, windows-amd64)
Heap:
 garbage-first heap   total 1092608K, used 134912K [0x0000000080000000, 0x0000000100000000)
  region size 1024K, 8 young (8192K), 8 survivors (8192K)
 Metaspace       used 107738K, capacity 110462K, committed 110716K, reserved 1144832K
  class space    used 13540K, capacity 14586K, committed 14592K, reserved 1048576K
GC Heap History (20 events):
Event: 129.594 GC heap after
{Heap after GC invocations=117 (full 0):
 garbage-first heap   total 239616K, used 128685K [0x0000000080000000, 0x0000000100000000)
  region size 1024K, 2 young (2048K), 2 survivors (2048K)
 Metaspace       used 107176K, capacity 109897K, committed 110204K, reserved 1144832K
  class space    used 13481K, capacity 14511K, committed 14592K, reserved 1048576K
}
Event: 129.939 GC heap before
{Heap before GC invocations=117 (full 0):
 garbage-first heap   total 239616K, used 198317K [0x0000000080000000, 0x0000000100000000)
  region size 1024K, 70 young (71680K), 2 survivors (2048K)
 Metaspace       used 107237K, capacity 109901K, committed 110204K, reserved 1144832K
  class space    used 13482K, capacity 14511K, committed 14592K, reserved 1048576K
}
Event: 129.948 GC heap after
{Heap after GC invocations=118 (full 0):
 garbage-first heap   total 239616K, used 128966K [0x0000000080000000, 0x0000000100000000)
  region size 1024K, 3 young (3072K), 3 survivors (3072K)
 Metaspace       used 107237K, capacity 109901K, committed 110204K, reserved 1144832K
  class space    used 13482K, capacity 14511K, committed 14592K, reserved 1048576K
}
Event: 130.290 GC heap before
{Heap before GC invocations=118 (full 0):
 garbage-first heap   total 239616K, used 198598K [0x0000000080000000, 0x0000000100000000)
  region size 1024K, 71 young (72704K), 3 survivors (3072K)
 Metaspace       used 107323K, capacity 110005K, committed 110204K, reserved 1144832K
  class space    used 13491K, capacity 14524K, committed 14592K, reserved 1048576K
}
Event: 130.304 GC heap after
{Heap after GC invocations=119 (full 0):
 garbage-first heap   total 287744K, used 130122K [0x0000000080000000, 0x0000000100000000)
  region size 1024K, 4 young (4096K), 4 survivors (4096K)
 Metaspace       used 107323K, capacity 110005K, committed 110204K, reserved 1144832K
  class space    used 13491K, capacity 14524K, committed 14592K, reserved 1048576K
}
Event: 130.646 GC heap before
{Heap before GC invocations=119 (full 0):
 garbage-first heap   total 287744K, used 214090K [0x0000000080000000, 0x0000000100000000)
  region size 1024K, 86 young (88064K), 4 survivors (4096K)
 Metaspace       used 107369K, capacity 110032K, committed 110204K, reserved 1144832K
  class space    used 13497K, capacity 14531K, committed 14592K, reserved 1048576K
}
Event: 130.657 GC heap after
{Heap after GC invocations=120 (full 0):
 garbage-first heap   total 287744K, used 129863K [0x0000000080000000, 0x0000000100000000)
  region size 1024K, 4 young (4096K), 4 survivors (4096K)
 Metaspace       used 107369K, capacity 110032K, committed 110204K, reserved 1144832K
  class space    used 13497K, capacity 14531K, committed 14592K, reserved 1048576K
}
Event: 131.137 GC heap before
{Heap before GC invocations=120 (full 0):
 garbage-first heap   total 287744K, used 246599K [0x0000000080000000, 0x0000000100000000)
  region size 1024K, 118 young (120832K), 4 survivors (4096K)
 Metaspace       used 107475K, capacity 110142K, committed 110204K, reserved 1144832K
  class space    used 13516K, capacity 14546K, committed 14592K, reserved 1048576K
}
Event: 131.151 GC heap after
{Heap after GC invocations=121 (full 0):
 garbage-first heap   total 287744K, used 130142K [0x0000000080000000, 0x0000000100000000)
  region size 1024K, 4 young (4096K), 4 survivors (4096K)
 Metaspace       used 107475K, capacity 110142K, committed 110204K, reserved 1144832K
  class space    used 13516K, capacity 14546K, committed 14592K, reserved 1048576K
}
Event: 131.588 GC heap before
{Heap before GC invocations=121 (full 0):
 garbage-first heap   total 287744K, used 247902K [0x0000000080000000, 0x0000000100000000)
  region size 1024K, 119 young (121856K), 4 survivors (4096K)
 Metaspace       used 107542K, capacity 110208K, committed 110460K, reserved 1144832K
  class space    used 13522K, capacity 14546K, committed 14592K, reserved 1048576K
}
Event: 131.646 GC heap after
{Heap after GC invocations=122 (full 0):
 garbage-first heap   total 287744K, used 130505K [0x0000000080000000, 0x0000000100000000)
  region size 1024K, 4 young (4096K), 4 survivors (4096K)
 Metaspace       used 107542K, capacity 110208K, committed 110460K, reserved 1144832K
  class space    used 13522K, capacity 14546K, committed 14592K, reserved 1048576K
}
Event: 132.418 GC heap before
{Heap before GC invocations=122 (full 0):
 garbage-first heap   total 287744K, used 248265K [0x0000000080000000, 0x0000000100000000)
  region size 1024K, 119 young (121856K), 4 survivors (4096K)
 Metaspace       used 107586K, capacity 110272K, committed 110460K, reserved 1144832K
  class space    used 13525K, capacity 14546K, committed 14592K, reserved 1048576K
}
Event: 132.693 GC heap after
{Heap after GC invocations=123 (full 0):
 garbage-first heap   total 422912K, used 131458K [0x0000000080000000, 0x0000000100000000)
  region size 1024K, 5 young (5120K), 5 survivors (5120K)
 Metaspace       used 107586K, capacity 110272K, committed 110460K, reserved 1144832K
  class space    used 13525K, capacity 14546K, committed 14592K, reserved 1048576K
}
Event: 133.701 GC heap before
{Heap before GC invocations=123 (full 0):
 garbage-first heap   total 422912K, used 301442K [0x0000000080000000, 0x0000000100000000)
  region size 1024K, 171 young (175104K), 5 survivors (5120K)
 Metaspace       used 107657K, capacity 110348K, committed 110460K, reserved 1144832K
  class space    used 13528K, capacity 14550K, committed 14592K, reserved 1048576K
}
Event: 133.927 GC heap after
{Heap after GC invocations=124 (full 0):
 garbage-first heap   total 422912K, used 131960K [0x0000000080000000, 0x0000000100000000)
  region size 1024K, 6 young (6144K), 6 survivors (6144K)
 Metaspace       used 107657K, capacity 110348K, committed 110460K, reserved 1144832K
  class space    used 13528K, capacity 14550K, committed 14592K, reserved 1048576K
}
Event: 136.613 GC heap before
{Heap before GC invocations=124 (full 0):
 garbage-first heap   total 422912K, used 350072K [0x0000000080000000, 0x0000000100000000)
  region size 1024K, 219 young (224256K), 6 survivors (6144K)
 Metaspace       used 107705K, capacity 110395K, committed 110460K, reserved 1144832K
  class space    used 13536K, capacity 14585K, committed 14592K, reserved 1048576K
}
Event: 136.793 GC heap after
{Heap after GC invocations=125 (full 0):
 garbage-first heap   total 422912K, used 133558K [0x0000000080000000, 0x0000000100000000)
  region size 1024K, 7 young (7168K), 7 survivors (7168K)
 Metaspace       used 107705K, capacity 110395K, committed 110460K, reserved 1144832K
  class space    used 13536K, capacity 14585K, committed 14592K, reserved 1048576K
}
Event: 140.099 GC heap before
{Heap before GC invocations=125 (full 0):
 garbage-first heap   total 422912K, used 366006K [0x0000000080000000, 0x0000000100000000)
  region size 1024K, 234 young (239616K), 7 survivors (7168K)
 Metaspace       used 107733K, capacity 110459K, committed 110716K, reserved 1144832K
  class space    used 13538K, capacity 14585K, committed 14592K, reserved 1048576K
}
Event: 140.141 GC heap after
{Heap after GC invocations=126 (full 0):
 garbage-first heap   total 422912K, used 134036K [0x0000000080000000, 0x0000000100000000)
  region size 1024K, 7 young (7168K), 7 survivors (7168K)
 Metaspace       used 107733K, capacity 110459K, committed 110716K, reserved 1144832K
  class space    used 13538K, capacity 14585K, committed 14592K, reserved 1048576K
}
Event: 141.066 GC heap before
{Heap before GC invocations=126 (full 0):
 garbage-first heap   total 422912K, used 372628K [0x0000000080000000, 0x0000000100000000)
  region size 1024K, 240 young (245760K), 7 survivors (7168K)
 Metaspace       used 107738K, capacity 110462K, committed 110716K, reserved 1144832K
  class space    used 13540K, capacity 14586K, committed 14592K, reserved 1048576K
}

